<?xml version="1.0" encoding="UTF-8"?>
<!-- Generated by org.testng.reporters.JUnitReportReporter -->
<testsuite hostname="HenriePC" failures="0" tests="1" name="com.webshop.tests.BaseTest" time="14.865" errors="0" timestamp="2025-03-15T16:09:17 EDT" skipped="0">
  <testcase classname="com.webshop.tests.BaseTest" name="initApplication" time="14.865"/>
</testsuite> <!-- com.webshop.tests.BaseTest -->
