<?xml version="1.0" encoding="UTF-8"?>
<!-- Generated by org.testng.reporters.JUnitReportReporter -->
<testsuite hostname="HenriePC" failures="0" tests="1" name="com.webshop.pages.RegisterPage" time="5.657" errors="0" timestamp="2025-03-15T16:21:57 EDT" skipped="0">
  <testcase classname="com.webshop.pages.RegisterPage" name="initApplication" time="5.657"/>
</testsuite> <!-- com.webshop.pages.RegisterPage -->
