<?xml version="1.0" encoding="UTF-8"?>
<!-- Generated by org.testng.reporters.JUnitReportReporter -->
<testsuite hostname="HenriePC" failures="0" tests="1" name="com.webshop.pages.HomePage" time="5.639" errors="0" timestamp="2025-03-15T16:20:41 EDT" skipped="0">
  <testcase classname="com.webshop.pages.HomePage" name="initApplication" time="5.639"/>
</testsuite> <!-- com.webshop.pages.HomePage -->
