<?xml version="1.0" encoding="UTF-8"?>
<!-- Generated by org.testng.reporters.JUnitReportReporter -->
<testsuite hostname="HenriePC" failures="0" tests="1" name="com.webshop.driver.DriverScript" time="5.912" errors="0" timestamp="2025-03-15T16:14:33 EDT" skipped="0">
  <testcase classname="com.webshop.driver.DriverScript" name="initApplication" time="5.912"/>
</testsuite> <!-- com.webshop.driver.DriverScript -->
